<?xml version="1.0" encoding="UTF-8"?>
<!-- Generated by org.testng.reporters.JUnitXMLReporter -->
<testsuite hostname="RCAS002" ignored="0" name="UnitTest" tests="3" failures="0" timestamp="04 Sep 2019 07:00:35 GMT" time="73.949" errors="0">
  <testcase name="@AfterClass VerifyLogOut" time="5.291" classname="FlightFollowing.BaseClass">
    <failure type="java.lang.AssertionError" message="expected [Login] but found [SkyWeb v5.05.00]">
      <![CDATA[java.lang.AssertionError: expected [Login] but found [SkyWeb v5.05.00]
at FlightFollowing.BaseClass.VerifyLogOut(BaseClass.java:153)
... Removed 32 stack frames]]>
    </failure>
  </testcase> <!-- @AfterClass VerifyLogOut -->
  <testcase name="verifyHomepageTitle" time="16.768" classname="FlightFollowing.BaseClass"/>
  <testcase name="VerifyLoadDataWindow" time="30.449" classname="FlightFollowing.BaseClass"/>
  <testcase name="VerifyAircraftClick" time="18.061" classname="FlightFollowing.UnitDisplayOption"/>
</testsuite> <!-- UnitTest -->
