<?xml version="1.0" encoding="UTF-8"?>
<!-- Generated by org.testng.reporters.JUnitXMLReporter -->
<testsuite hostname="RCAS002" ignored="0" name="UnitDisplayTest" tests="3" failures="0" timestamp="04 Sep 2019 09:43:52 GMT" time="72.292" errors="0">
  <testcase name="verifyHomepageTitle" time="15.685" classname="FlightFollowing.BaseClass"/>
  <testcase name="VerifyLoadDataWindow" time="30.052" classname="FlightFollowing.BaseClass"/>
  <testcase name="VerifyAircraftClick" time="17.232" classname="FlightFollowing.UnitDisplayOption"/>
</testsuite> <!-- UnitDisplayTest -->
